{"C:\\Users\\j-j-m\\Desktop\\torvolds\\lap3\\project\\kaizen-flashcards-client\\src\\components\\Layout\\index.jsx": {"path":"C:\\Users\\j-j-m\\Desktop\\torvolds\\lap3\\project\\kaizen-flashcards-client\\src\\components\\Layout\\index.jsx","all":false,"statementMap":{"0":{"start":{"line":1,"column":0},"end":{"line":1,"column":25}},"1":{"start":{"line":2,"column":0},"end":{"line":2,"column":50}},"2":{"start":{"line":3,"column":0},"end":{"line":3,"column":40}},"3":{"start":{"line":4,"column":0},"end":{"line":4,"column":0}},"4":{"start":{"line":5,"column":0},"end":{"line":5,"column":34}},"5":{"start":{"line":6,"column":0},"end":{"line":6,"column":41}},"6":{"start":{"line":7,"column":0},"end":{"line":7,"column":60}},"7":{"start":{"line":8,"column":0},"end":{"line":8,"column":4}},"8":{"start":{"line":9,"column":0},"end":{"line":9,"column":0}},"9":{"start":{"line":10,"column":0},"end":{"line":10,"column":10}},"10":{"start":{"line":11,"column":0},"end":{"line":11,"column":9}},"11":{"start":{"line":12,"column":0},"end":{"line":12,"column":14}},"12":{"start":{"line":13,"column":0},"end":{"line":13,"column":13}},"13":{"start":{"line":14,"column":0},"end":{"line":14,"column":63}},"14":{"start":{"line":15,"column":0},"end":{"line":15,"column":69}},"15":{"start":{"line":16,"column":0},"end":{"line":16,"column":64}},"16":{"start":{"line":17,"column":0},"end":{"line":17,"column":70}},"17":{"start":{"line":18,"column":0},"end":{"line":18,"column":14}},"18":{"start":{"line":19,"column":0},"end":{"line":19,"column":197}},"19":{"start":{"line":20,"column":0},"end":{"line":20,"column":15}},"20":{"start":{"line":21,"column":0},"end":{"line":21,"column":12}},"21":{"start":{"line":22,"column":0},"end":{"line":22,"column":18}},"22":{"start":{"line":23,"column":0},"end":{"line":23,"column":13}},"23":{"start":{"line":24,"column":0},"end":{"line":24,"column":0}},"24":{"start":{"line":25,"column":0},"end":{"line":25,"column":40}},"25":{"start":{"line":26,"column":0},"end":{"line":26,"column":102}},"26":{"start":{"line":27,"column":0},"end":{"line":27,"column":0}},"27":{"start":{"line":28,"column":0},"end":{"line":28,"column":21}},"28":{"start":{"line":29,"column":0},"end":{"line":29,"column":15}},"29":{"start":{"line":30,"column":0},"end":{"line":30,"column":10}},"30":{"start":{"line":31,"column":0},"end":{"line":31,"column":3}},"31":{"start":{"line":32,"column":0},"end":{"line":32,"column":1}}},"s":{"0":1,"1":1,"2":1,"3":1,"4":4,"5":4,"6":16,"7":16,"8":4,"9":4,"10":4,"11":4,"12":4,"13":4,"14":4,"15":4,"16":4,"17":4,"18":4,"19":4,"20":4,"21":4,"22":4,"23":4,"24":4,"25":4,"26":4,"27":4,"28":4,"29":4,"30":4,"31":4},"branchMap":{"0":{"type":"branch","line":5,"loc":{"start":{"line":5,"column":0},"end":{"line":32,"column":1}},"locations":[{"start":{"line":5,"column":0},"end":{"line":32,"column":1}}]},"1":{"type":"branch","line":6,"loc":{"start":{"line":6,"column":21},"end":{"line":8,"column":4}},"locations":[{"start":{"line":6,"column":21},"end":{"line":8,"column":4}}]},"2":{"type":"branch","line":7,"loc":{"start":{"line":7,"column":20},"end":{"line":7,"column":53}},"locations":[{"start":{"line":7,"column":20},"end":{"line":7,"column":53}}]},"3":{"type":"branch","line":7,"loc":{"start":{"line":7,"column":31},"end":{"line":7,"column":60}},"locations":[{"start":{"line":7,"column":31},"end":{"line":7,"column":60}}]}},"b":{"0":[4],"1":[16],"2":[4],"3":[12]},"fnMap":{"0":{"name":"Layout","decl":{"start":{"line":5,"column":0},"end":{"line":32,"column":1}},"loc":{"start":{"line":5,"column":0},"end":{"line":32,"column":1}},"line":5},"1":{"name":"linkStyles","decl":{"start":{"line":6,"column":21},"end":{"line":8,"column":4}},"loc":{"start":{"line":6,"column":21},"end":{"line":8,"column":4}},"line":6}},"f":{"0":4,"1":16}}
,"C:\\Users\\j-j-m\\Desktop\\torvolds\\lap3\\project\\kaizen-flashcards-client\\src\\components\\Table\\index.jsx": {"path":"C:\\Users\\j-j-m\\Desktop\\torvolds\\lap3\\project\\kaizen-flashcards-client\\src\\components\\Table\\index.jsx","all":false,"statementMap":{"0":{"start":{"line":1,"column":0},"end":{"line":1,"column":25}},"1":{"start":{"line":2,"column":0},"end":{"line":2,"column":40}},"2":{"start":{"line":3,"column":0},"end":{"line":3,"column":39}},"3":{"start":{"line":4,"column":0},"end":{"line":4,"column":0}},"4":{"start":{"line":5,"column":0},"end":{"line":5,"column":39}},"5":{"start":{"line":6,"column":0},"end":{"line":6,"column":12}},"6":{"start":{"line":7,"column":0},"end":{"line":7,"column":41}},"7":{"start":{"line":8,"column":0},"end":{"line":8,"column":53}},"8":{"start":{"line":9,"column":0},"end":{"line":9,"column":34}},"9":{"start":{"line":10,"column":0},"end":{"line":10,"column":28}},"10":{"start":{"line":11,"column":0},"end":{"line":11,"column":34}},"11":{"start":{"line":12,"column":0},"end":{"line":12,"column":21}},"12":{"start":{"line":13,"column":0},"end":{"line":13,"column":0}},"13":{"start":{"line":14,"column":0},"end":{"line":14,"column":50}},"14":{"start":{"line":15,"column":0},"end":{"line":15,"column":86}},"15":{"start":{"line":16,"column":0},"end":{"line":16,"column":91}},"16":{"start":{"line":17,"column":0},"end":{"line":17,"column":18}},"17":{"start":{"line":18,"column":0},"end":{"line":18,"column":14}},"18":{"start":{"line":19,"column":0},"end":{"line":19,"column":5}},"19":{"start":{"line":20,"column":0},"end":{"line":20,"column":1}},"20":{"start":{"line":21,"column":0},"end":{"line":21,"column":0}},"21":{"start":{"line":22,"column":0},"end":{"line":22,"column":39}},"22":{"start":{"line":23,"column":0},"end":{"line":23,"column":12}},"23":{"start":{"line":24,"column":0},"end":{"line":24,"column":194}},"24":{"start":{"line":25,"column":0},"end":{"line":25,"column":5}},"25":{"start":{"line":26,"column":0},"end":{"line":26,"column":1}}},"s":{"0":1,"1":1,"2":1,"3":1,"4":1,"5":2,"6":2,"7":2,"8":2,"9":2,"10":2,"11":2,"12":2,"13":2,"14":2,"15":2,"16":2,"17":2,"18":2,"19":2,"20":1,"21":2,"22":2,"23":2,"24":2,"25":2},"branchMap":{"0":{"type":"branch","line":5,"loc":{"start":{"line":5,"column":7},"end":{"line":20,"column":1}},"locations":[{"start":{"line":5,"column":7},"end":{"line":20,"column":1}}]},"1":{"type":"branch","line":15,"loc":{"start":{"line":15,"column":43},"end":{"line":15,"column":84}},"locations":[{"start":{"line":15,"column":43},"end":{"line":15,"column":84}}]},"2":{"type":"branch","line":20,"loc":{"start":{"line":20,"column":0},"end":{"line":20,"column":1}},"locations":[{"start":{"line":20,"column":0},"end":{"line":20,"column":1}}]},"3":{"type":"branch","line":22,"loc":{"start":{"line":22,"column":0},"end":{"line":26,"column":1}},"locations":[{"start":{"line":22,"column":0},"end":{"line":26,"column":1}}]}},"b":{"0":[2],"1":[2],"2":[2],"3":[2]},"fnMap":{"0":{"name":"Table","decl":{"start":{"line":5,"column":7},"end":{"line":20,"column":1}},"loc":{"start":{"line":5,"column":7},"end":{"line":20,"column":1}},"line":5},"1":{"name":"get","decl":{"start":{"line":20,"column":0},"end":{"line":20,"column":1}},"loc":{"start":{"line":20,"column":0},"end":{"line":20,"column":1}},"line":20},"2":{"name":"TableItem","decl":{"start":{"line":22,"column":0},"end":{"line":26,"column":1}},"loc":{"start":{"line":22,"column":0},"end":{"line":26,"column":1}},"line":22}},"f":{"0":2,"1":2,"2":2}}
,"C:\\Users\\j-j-m\\Desktop\\torvolds\\lap3\\project\\kaizen-flashcards-client\\src\\utils\\index.js": {"path":"C:\\Users\\j-j-m\\Desktop\\torvolds\\lap3\\project\\kaizen-flashcards-client\\src\\utils\\index.js","all":false,"statementMap":{"0":{"start":{"line":1,"column":0},"end":{"line":1,"column":28}},"1":{"start":{"line":2,"column":0},"end":{"line":2,"column":0}},"2":{"start":{"line":3,"column":0},"end":{"line":3,"column":48}},"3":{"start":{"line":4,"column":0},"end":{"line":4,"column":48}},"4":{"start":{"line":5,"column":0},"end":{"line":5,"column":1}}},"s":{"0":1,"1":1,"2":1,"3":4,"4":4},"branchMap":{"0":{"type":"branch","line":3,"loc":{"start":{"line":3,"column":7},"end":{"line":5,"column":1}},"locations":[{"start":{"line":3,"column":7},"end":{"line":5,"column":1}}]}},"b":{"0":[4]},"fnMap":{"0":{"name":"addTimeToDate","decl":{"start":{"line":3,"column":7},"end":{"line":5,"column":1}},"loc":{"start":{"line":3,"column":7},"end":{"line":5,"column":1}},"line":3}},"f":{"0":4}}
,"C:\\Users\\j-j-m\\Desktop\\torvolds\\lap3\\project\\kaizen-flashcards-client\\src\\utils\\leitner.js": {"path":"C:\\Users\\j-j-m\\Desktop\\torvolds\\lap3\\project\\kaizen-flashcards-client\\src\\utils\\leitner.js","all":false,"statementMap":{"0":{"start":{"line":1,"column":0},"end":{"line":1,"column":42}},"1":{"start":{"line":2,"column":0},"end":{"line":2,"column":0}},"2":{"start":{"line":3,"column":0},"end":{"line":3,"column":75}},"3":{"start":{"line":4,"column":0},"end":{"line":4,"column":86}},"4":{"start":{"line":5,"column":0},"end":{"line":5,"column":26}},"5":{"start":{"line":6,"column":0},"end":{"line":6,"column":40}},"6":{"start":{"line":7,"column":0},"end":{"line":7,"column":62}},"7":{"start":{"line":8,"column":0},"end":{"line":8,"column":65}},"8":{"start":{"line":9,"column":0},"end":{"line":9,"column":67}},"9":{"start":{"line":10,"column":0},"end":{"line":10,"column":1}},"10":{"start":{"line":11,"column":0},"end":{"line":11,"column":0}},"11":{"start":{"line":12,"column":0},"end":{"line":12,"column":76}},"12":{"start":{"line":13,"column":0},"end":{"line":13,"column":61}},"13":{"start":{"line":14,"column":0},"end":{"line":14,"column":69}},"14":{"start":{"line":15,"column":0},"end":{"line":15,"column":1}}},"s":{"0":1,"1":1,"2":1,"3":1,"4":1,"5":1,"6":1,"7":1,"8":1,"9":1,"10":1,"11":1,"12":1,"13":4,"14":4},"branchMap":{"0":{"type":"branch","line":13,"loc":{"start":{"line":13,"column":7},"end":{"line":15,"column":1}},"locations":[{"start":{"line":13,"column":7},"end":{"line":15,"column":1}}]}},"b":{"0":[4]},"fnMap":{"0":{"name":"getNextReviewDate","decl":{"start":{"line":13,"column":7},"end":{"line":15,"column":1}},"loc":{"start":{"line":13,"column":7},"end":{"line":15,"column":1}},"line":13}},"f":{"0":4}}
}
